
Nº de Entradas
Nº de Neuronas en Capa Oculta 1
Nº de Neuronas en Capa Oculta 2
Nº de SalidasNº de EpocasFactor de Aprendizaje
Nº de InstanciasIngrese la Matriz de Instancias (inputs+outputs)*instancias
Matriz de entradas
	Instancia 0 : 0,0,	0,
	Instancia 1 : 0,1,	1,
	Instancia 2 : 1,0,	1,
	Instancia 3 : 1,1,	0,
Pesos y Bias
b[0][0]=0.33899026
w[0][0][0]=0.81218024
w[0][1][0]=0.06185422
b[0][1]=0.28173655
w[0][0][1]=0.40409868
w[0][1][1]=0.5635291
b[1][0]=0.77308088
w[1][0][0]=0.043349125
w[1][1][0]=0.76125681
b[1][1]=0.78441296
w[1][0][1]=0.40468877
w[1][1][1]=0.61658668
b[2][0]=0.29023562
w[2][0][0]=0.29128631
w[2][1][0]=0.88337637

Epoca 0
z[0][0]=0.089934147
a[0][0]=0.52246839

z[0][1]=0.3680682
a[0][1]=0.59099211

z[1][0]=0.67020051
a[1][0]=0.66154806

z[1][1]=1.0502334
a[1][1]=0.74081971

z[2][0]=0.76557916
a[2][0]=0.6825638

error salida 0=0.23294667
d_b[2][0]=0.14789141
d_b[1][0]=0.01685276
d_b[1][1]=0.012049831
d_b[0][0]=0.0034914868
d_b[0][1]=0.0013296695
w[2][0][0]=0.41110635
b[2][0]=-0.033369252
w[2][1][0]=0.31478843
b[2][0]=-0.18126066
w[1][0][0]=0.72625585
b[1][0]=0.25783525
w[1][0][1]=0.12701751
b[1][1]=0.71477522
w[1][1][0]=0.0094421476
b[1][0]=0.24098249
w[1][1][1]=0.42225227
b[1][1]=0.70272539
w[0][0][0]=0.35451109
b[0][0]=0.08644266
w[0][0][1]=0.075206187
b[0][1]=0.36673853
w[0][1][0]=0.2065445
b[0][0]=0.082951173
w[0][1][1]=0.87480631
b[0][1]=0.36540886
z[0][0]=0.28949567
a[0][0]=0.57187266

z[0][1]=1.2402152
a[0][1]=0.77560147

z[1][0]=0.6636317
a[1][0]=0.66007573

z[1][1]=1.1028627
a[1][1]=0.75079611

z[2][0]=0.32644259
a[2][0]=0.58089355

error salida 0=0.087825107
d_b[2][0]=-0.10203408
d_b[1][0]=-0.0094118581
d_b[1][1]=-0.0060095345
d_b[0][0]=-0.0018604307
d_b[0][1]=-0.00045711006
w[2][0][0]=0.47845657
b[2][0]=-0.079226586
w[2][1][0]=0.39139521
b[2][0]=0.022807491
w[1][0][0]=0.73163823
b[1][0]=0.25039435
w[1][0][1]=0.1304542
b[1][1]=0.70873492
w[1][1][0]=0.016741999
b[1][0]=0.25980621
w[1][1][1]=0.42691327
b[1][1]=0.71474446
w[0][0][0]=0.35451109
b[0][0]=0.084811604
w[0][0][1]=0.075206187
b[0][1]=0.36586597
w[0][1][0]=0.20840493
b[0][0]=0.086672035
w[0][1][1]=0.87526342
b[0][1]=0.36632308
z[0][0]=0.44118312
a[0][0]=0.60854091

z[0][1]=0.44152927
a[0][1]=0.60862336

z[1][0]=0.71522757
a[1][0]=0.67155523

z[1][1]=1.0539606
a[1][1]=0.74153471

z[2][0]=0.63435064
a[2][0]=0.6534753

error salida 0=0.060039683
d_b[2][0]=-0.0784689
d_b[1][0]=-0.0082810265
d_b[1][1]=-0.0058863596
d_b[0][0]=-0.0016262287
d_b[0][1]=-0.0006316151
w[2][0][0]=0.53115277
b[2][0]=0.10127639
w[2][1][0]=0.44958263
b[2][0]=0.17974529
w[1][0][0]=0.73667757
b[1][0]=0.26808723
w[1][0][1]=0.13403629
b[1][1]=0.72063082
w[1][1][0]=0.021782025
b[1][0]=0.27636826
w[1][1][1]=0.43049585
b[1][1]=0.72651718
w[0][0][0]=0.35613732
b[0][0]=0.088298263
w[0][0][1]=0.075837802
b[0][1]=0.3669547
w[0][1][0]=0.20840493
b[0][0]=0.089924492
w[0][1][1]=0.87526342
b[0][1]=0.36758631
z[0][0]=0.65446674
a[0][0]=0.65801633

z[0][1]=1.3186875
a[0][1]=0.78896326

z[1][0]=0.77829935
a[1][0]=0.68531347

z[1][1]=1.1543607
a[1][1]=0.76030651

z[2][0]=0.88557204
a[2][0]=0.70797555

error salida 0=0.25061469
d_b[2][0]=0.14637123
d_b[1][0]=0.016766508
d_b[1][1]=0.011992513
d_b[0][0]=0.0031411925
d_b[0][1]=0.00092040256
w[2][0][0]=0.43084259
b[2][0]=0.033374058
w[2][1][0]=0.33829563
b[2][0]=-0.11299718
w[1][0][0]=0.72564494
b[1][0]=0.25960175
w[1][0][1]=0.12614502
b[1][1]=0.71452466
w[1][1][0]=0.0085538663
b[1][0]=0.24283524
w[1][1][1]=0.42103419
b[1][1]=0.70253215
w[0][0][0]=0.35299613
b[0][0]=0.0867833
w[0][0][1]=0.0749174
b[0][1]=0.36666591
w[0][1][0]=0.20526374
b[0][0]=0.083642107
w[0][1][1]=0.87434302
b[0][1]=0.36574551
0 : 0.63142615

Epoca 1
z[0][0]=0.083642107
a[0][0]=0.52089834

z[0][1]=0.36574551
a[0][1]=0.59043054

z[1][0]=0.62587295
a[1][0]=0.65155308

z[1][1]=1.0168323
a[1][1]=0.73435512

z[2][0]=0.41614877
a[2][0]=0.60256132

error salida 0=0.18154007
d_b[2][0]=0.14430209
d_b[1][0]=0.014114896
d_b[1][1]=0.0095230616
d_b[0][0]=0.0028559246
d_b[0][1]=0.00099879182
w[2][0][0]=0.33682212
b[2][0]=-0.25729927
w[2][1][0]=0.23232665
b[2][0]=-0.40160136
w[1][0][0]=0.71829251
b[1][0]=0.22872035
w[1][0][1]=0.12118448
b[1][1]=0.69300909
w[1][1][0]=0.0002200003
b[1][0]=0.21460545
w[1][1][1]=0.41541149
b[1][1]=0.68348603
w[0][0][0]=0.35299613
b[0][0]=0.080786183
w[0][0][1]=0.0749174
b[0][1]=0.36474671
w[0][1][0]=0.20526374
b[0][0]=0.077930258
w[0][1][1]=0.87434302
b[0][1]=0.36374792
z[0][0]=0.283194
a[0][0]=0.5703291

z[0][1]=1.2380909
a[0][1]=0.77523154

z[1][0]=0.62443912
a[1][0]=0.65122748

z[1][1]=1.0746411
a[1][1]=0.74547853

z[2][0]=-0.0090590128
a[2][0]=0.49773526

error salida 0=0.12613493
d_b[2][0]=-0.12556361
d_b[1][0]=-0.0096059289
d_b[1][1]=-0.0055350605
d_b[0][0]=-0.0018552118
d_b[0][1]=-0.00040102057
w[2][0][0]=0.41859259
b[2][0]=-0.27603775
w[2][1][0]=0.32593162
b[2][0]=-0.15047415
w[1][0][0]=0.72377105
b[1][0]=0.22421138
w[1][0][1]=0.12434128
b[1][1]=0.68902109
w[1][1][0]=0.0076668194
b[1][0]=0.23381731
w[1][1][1]=0.41970244
b[1][1]=0.69455615
w[0][0][0]=0.35299613
b[0][0]=0.07978547
w[0][0][1]=0.0749174
b[0][1]=0.36414894
w[0][1][0]=0.20711895
b[0][0]=0.081640682
w[0][1][1]=0.87474404
b[0][1]=0.36454996
z[0][0]=0.43463681
a[0][0]=0.60698035

z[0][1]=0.43946736
a[0][1]=0.60813211

z[1][0]=0.67779455
a[1][0]=0.66324629

z[1][1]=1.0252634
a[1][1]=0.73599658

z[2][0]=0.36704039
a[2][0]=0.59074364

error salida 0=0.083745384
d_b[2][0]=-0.098944106
d_b[1][0]=-0.0092505742
d_b[1][1]=-0.0062661643
d_b[0][0]=-0.0017830667
d_b[0][1]=-0.00064363194
w[2][0][0]=0.4842169
b[2][0]=-0.05153004
w[2][1][0]=0.39875414
b[2][0]=0.047414066
w[1][0][0]=0.72938597
b[1][0]=0.24306788
w[1][0][1]=0.12814472
b[1][1]=0.70082231
w[1][1][0]=0.013292391
b[1][0]=0.25231846
w[1][1][1]=0.4235131
b[1][1]=0.70708848
w[0][0][0]=0.35477919
b[0][0]=0.083423748
w[0][0][1]=0.075561031
b[0][1]=0.3651936
w[0][1][0]=0.20711895
b[0][0]=0.085206815
w[0][1][1]=0.87474404
b[0][1]=0.36583723
z[0][0]=0.64710496
a[0][0]=0.65635778

z[0][1]=1.3161423
a[0][1]=0.78853917

z[1][0]=0.74153818
a[1][0]=0.67733212

z[1][1]=1.1251539
a[1][1]=0.75494346

z[2][0]=0.67642656
a[2][0]=0.66294068

error salida 0=0.21974517
d_b[2][0]=0.14813432
d_b[1][0]=0.015676642
d_b[1][1]=0.010928023
d_b[0][0]=0.0028948934
d_b[0][1]=0.00080646974
w[2][0][0]=0.38388077
b[2][0]=-0.10072025
w[2][1][0]=0.28692111
b[2][0]=-0.24885457
w[1][0][0]=0.71909648
b[1][0]=0.23664181
w[1][0][1]=0.12097203
b[1][1]=0.69616045
w[1][1][0]=0.00093074454
b[1][0]=0.22096517
w[1][1][1]=0.41489592
b[1][1]=0.68523243
w[0][0][0]=0.3518843
b[0][0]=0.082311922
w[0][0][1]=0.074754562
b[0][1]=0.36503076
w[0][1][0]=0.20422406
b[0][0]=0.079417028
w[0][1][1]=0.87393757
b[0][1]=0.36422429
1 : 0.61116556

Epoca 2
z[0][0]=0.079417028
a[0][0]=0.51984383

z[0][1]=0.36422429
a[0][1]=0.59006263

z[1][0]=0.59533224
a[1][0]=0.64458767

z[1][1]=0.99293357
a[1][1]=0.72966697

z[2][0]=0.2079471
a[2][0]=0.55180025

error salida 0=0.15224176
d_b[2][0]=0.13646944
d_b[1][0]=0.012001796
d_b[1][1]=0.0077236342
d_b[0][0]=0.0023874318
d_b[0][1]=0.0007778355
w[2][0][0]=0.29591426
b[2][0]=-0.385324
w[2][1][0]=0.18734387
b[2][0]=-0.52179344
w[1][0][0]=0.71285742
b[1][0]=0.20896338
w[1][0][1]=0.11695695
b[1][1]=0.6775088
w[1][1][0]=-0.0061510667
b[1][0]=0.19696158
w[1][1][1]=0.41033849
b[1][1]=0.66978516
w[0][0][0]=0.3518843
b[0][0]=0.077029597
w[0][0][1]=0.074754562
b[0][1]=0.36344645
w[0][1][0]=0.20422406
b[0][0]=0.074642165
w[0][1][1]=0.87393757
b[0][1]=0.36266862
z[0][0]=0.27886622
a[0][0]=0.56926824

z[0][1]=1.2366062
a[0][1]=0.77497272

z[1][0]=0.59800176
a[1][0]=0.64519901

z[1][1]=1.0543662
a[1][1]=0.74161244

z[2][0]=-0.19193331
a[2][0]=0.45216344

error salida 0=0.15006245
d_b[2][0]=-0.13570551
d_b[1][0]=-0.0091926744
d_b[1][1]=-0.0048717564
d_b[0][0]=-0.0017465369
d_b[0][1]=-0.00033875684
w[2][0][0]=0.38347132
b[2][0]=-0.38608793
w[2][1][0]=0.28798476
b[2][0]=-0.25038242
w[1][0][0]=0.71809052
b[1][0]=0.20615426
w[1][0][1]=0.11973028
b[1][1]=0.67465692
w[1][1][0]=0.00097300514
b[1][0]=0.21534693
w[1][1][1]=0.41411397
b[1][1]=0.67952867
w[0][0][0]=0.3518843
b[0][0]=0.076388702
w[0][0][1]=0.074754562
b[0][1]=0.36300737
w[0][1][0]=0.20597059
b[0][0]=0.078135239
w[0][1][1]=0.87427633
b[0][1]=0.36334613
z[0][0]=0.43001954
a[0][0]=0.60587833

z[0][1]=0.43810069
a[0][1]=0.60780637

z[1][0]=0.65101382
a[1][0]=0.65723889

z[1][1]=1.0037718
a[1][1]=0.73179951

z[2][0]=0.21239694
a[2][0]=0.55290051

error salida 0=0.099948976
d_b[2][0]=-0.11052368
d_b[1][0]=-0.0095477935
d_b[1][1]=-0.0062470723
d_b[0][0]=-0.0018157918
d_b[0][1]=-0.00061889785
w[2][0][0]=0.45611178
b[2][0]=-0.13985874
w[2][1][0]=0.36886594
b[2][0]=-0.029335065
w[1][0][0]=0.72387532
b[1][0]=0.22489472
w[1][0][1]=0.12351525
b[1][1]=0.68577575
w[1][1][0]=0.0067762148
b[1][0]=0.23444252
w[1][1][1]=0.41791098
b[1][1]=0.69202282
w[0][0][0]=0.35370009
b[0][0]=0.07995103
w[0][0][1]=0.07537346
b[0][1]=0.36396503
w[0][1][0]=0.20597059
b[0][0]=0.081766822
w[0][1][1]=0.87427633
b[0][1]=0.36458393
z[0][0]=0.64143751
a[0][0]=0.65507834

z[0][1]=1.3142337
a[0][1]=0.78822075

z[1][0]=0.71397871
a[1][0]=0.67127971

z[1][1]=1.1023411
a[1][1]=0.7506985

z[2][0]=0.55375062
a[2][0]=0.63500533

error salida 0=0.20161588
d_b[2][0]=0.14717745
d_b[1][0]=0.014812985
d_b[1][1]=0.010160153
d_b[0][0]=0.0027063671
d_b[0][1]=0.00072554194
w[2][0][0]=0.35731454
b[2][0]=-0.17651251
w[2][1][0]=0.25838005
b[2][0]=-0.32368996
w[1][0][0]=0.71417166
b[1][0]=0.21962953
w[1][0][1]=0.11685955
b[1][1]=0.68186267
w[1][1][0]=-0.0048996871
b[1][0]=0.20481655
w[1][1][1]=0.40990254
b[1][1]=0.67170251
w[0][0][0]=0.35099372
b[0][0]=0.079060455
w[0][0][1]=0.074647918
b[0][1]=0.36385838
w[0][1][0]=0.20326423
b[0][0]=0.076354088
w[0][1][1]=0.87355078
b[0][1]=0.36313284
2 : 0.60386907

Epoca 3
z[0][0]=0.076354088
a[0][0]=0.51907925

z[0][1]=0.36313284
a[0][1]=0.58979859

z[1][0]=0.57263841
a[1][0]=0.63937175

z[1][1]=0.97412182
a[1][1]=0.7259403

z[2][0]=0.092335358
a[2][0]=0.52306745

error salida 0=0.13679978
d_b[2][0]=0.13048854
d_b[1][0]=0.010750687
d_b[1][1]=0.0067077584
d_b[0][0]=0.0021123453
d_b[0][1]=0.00065246621
w[2][0][0]=0.27388386
b[2][0]=-0.45417849
w[2][1][0]=0.16365316
b[2][0]=-0.58466703
w[1][0][0]=0.7085912
b[1][0]=0.19406586
w[1][0][1]=0.11337769
b[1][1]=0.66499475
w[1][1][0]=-0.011240427
b[1][0]=0.18331517
w[1][1][1]=0.40594631
b[1][1]=0.658287
w[0][0][0]=0.35099372
b[0][0]=0.074241743
w[0][0][1]=0.074647918
b[0][1]=0.36248038
w[0][1][0]=0.20326423
b[0][0]=0.072129397
w[0][1][1]=0.87355078
b[0][1]=0.36182791
z[0][0]=0.27539362
a[0][0]=0.56841655

z[0][1]=1.2353787
a[0][1]=0.77475858

z[1][0]=0.57738152
a[1][0]=0.64046467

z[1][1]=1.0372431
a[1][1]=0.73831772

z[2][0]=-0.28842606
a[2][0]=0.42838924

error salida 0=0.16336943
d_b[2][0]=-0.13997141
d_b[1][0]=-0.0088275978
d_b[1][1]=-0.0044256937
d_b[0][0]=-0.0016576052
d_b[0][1]=-0.00029620383
w[2][0][0]=0.3635306
b[2][0]=-0.44469561
w[2][1][0]=0.26699654
b[2][0]=-0.3047242
w[1][0][0]=0.71360895
b[1][0]=0.19214277
w[1][0][1]=0.11589333
b[1][1]=0.66271269
w[1][1][0]=-0.0044011703
b[1][0]=0.20097037
w[1][1][1]=0.40937516
b[1][1]=0.66713838
w[0][0][0]=0.35099372
b[0][0]=0.073787003
w[0][0][1]=0.074647918
b[0][1]=0.36212411
w[0][1][0]=0.20492183
b[0][0]=0.075444608
w[0][1][1]=0.87384699
b[0][1]=0.36242032
z[0][0]=0.42643833
a[0][0]=0.60502286

z[0][1]=0.43706824
a[0][1]=0.60756023

z[1][0]=0.63004612
a[1][0]=0.65249992

z[1][1]=0.98597656
a[1][1]=0.72829249

z[2][0]=0.12693106
a[2][0]=0.53169023

error salida 0=0.10965702
d_b[2][0]=-0.11660713
d_b[1][0]=-0.0096117279
d_b[1][1]=-0.0061608158
d_b[0][0]=-0.0018097243
d_b[0][1]=-0.00059125642
w[2][0][0]=0.43961675
b[2][0]=-0.18811707
w[2][1][0]=0.35192064
b[2][0]=-0.071509935
w[1][0][0]=0.71942427
b[1][0]=0.2105821
w[1][0][1]=0.11962076
b[1][1]=0.6732992
w[1][1][0]=0.0014385333
b[1][0]=0.22019382
w[1][1][1]=0.41311822
b[1][1]=0.67946002
w[0][0][0]=0.35280345
b[0][0]=0.077254332
w[0][0][1]=0.075239174
b[0][1]=0.36301157
w[0][1][0]=0.20492183
b[0][0]=0.079064057
w[0][1][1]=0.87384699
b[0][1]=0.36360283
z[0][0]=0.63678934
a[0][0]=0.65402733

z[0][1]=1.312689
a[0][1]=0.78796277

z[1][0]=0.69185046
a[1][0]=0.66637844

z[1][1]=1.083217
a[1][1]=0.7471023

z[2][0]=0.48436191
a[2][0]=0.61877734

error salida 0=0.1914427
d_b[2][0]=0.14596459
d_b[1][0]=0.014265821
d_b[1][1]=0.0097054841
d_b[0][0]=0.0025850075
d_b[0][1]=0.0006733278
w[2][0][0]=0.34234909
b[2][0]=-0.21747453
w[2][1][0]=0.24287016
b[2][0]=-0.36343911
w[1][0][0]=0.71009403
b[1][0]=0.205928
w[1][0][1]=0.11327311
b[1][1]=0.66975453
w[1][1][0]=-0.009802403
b[1][0]=0.19166218
w[1][1][1]=0.40547066
b[1][1]=0.66004905
w[0][0][0]=0.35021844
b[0][0]=0.076479049
w[0][0][1]=0.074565846
b[0][1]=0.3629295
w[0][1][0]=0.20233682
b[0][0]=0.073894042
w[0][1][1]=0.87317366
b[0][1]=0.36225618
3 : 0.60126893

Epoca 4
z[0][0]=0.073894042
a[0][0]=0.51846511

z[0][1]=0.36225618
a[0][1]=0.58958648

z[1][0]=0.55404179
a[1][0]=0.63507281

z[1][1]=0.95783722
a[1][1]=0.72268857

z[2][0]=0.029496971
a[2][0]=0.50737371

error salida 0=0.12871404
d_b[2][0]=0.12681584
d_b[1][0]=0.010061725
d_b[1][1]=0.0061725783
d_b[0][0]=0.001958315
d_b[0][1]=0.00058174734
w[2][0][0]=0.2618118
b[2][0]=-0.49025496
w[2][1][0]=0.1512218
b[2][0]=-0.6170708
w[1][0][0]=0.70487738
b[1][0]=0.18160046
w[1][0][1]=0.11007285
b[1][1]=0.65387647
w[1][1][0]=-0.01573466
b[1][0]=0.17153873
w[1][1][1]=0.40183139
b[1][1]=0.64770389
w[0][0][0]=0.35021844
b[0][0]=0.071935727
w[0][0][1]=0.074565846
b[0][1]=0.36167443
w[0][1][0]=0.20233682
b[0][0]=0.069977412
w[0][1][1]=0.87317366
b[0][1]=0.36109268
z[0][0]=0.27231424
a[0][0]=0.56766096

z[0][1]=1.2342663
a[0][1]=0.77456441

z[1][0]=0.55948259
a[1][0]=0.63633281

z[1][1]=1.0214322
a[1][1]=0.73525149

z[2][0]=-0.3392853
a[2][0]=0.4159831

error salida 0=0.17053787
d_b[2][0]=-0.14188174
d_b[1][0]=-0.0085961537
d_b[1][1]=-0.0041764795
d_b[0][0]=-0.001599894
d_b[0][1]=-0.00026942703
w[2][0][0]=0.35209581
b[2][0]=-0.47518905
w[2][1][0]=0.25554056
b[2][0]=-0.33330731
w[1][0][0]=0.70975708
b[1][0]=0.18013489
w[1][0][1]=0.11244367
b[1][1]=0.65188037
w[1][1][0]=-0.0090763851
b[1][0]=0.18873104
w[1][1][1]=0.40506635
b[1][1]=0.65605685
w[0][0][0]=0.35021844
b[0][0]=0.071577306
w[0][0][1]=0.074565846
b[0][1]=0.36136211
w[0][1][0]=0.20393672
b[0][0]=0.0731772
w[0][1][1]=0.87344309
b[0][1]=0.36163153
z[0][0]=0.42339564
a[0][0]=0.60429551

z[0][1]=0.43619738
a[0][1]=0.60735257

z[1][0]=0.61212149
a[1][0]=0.64842459

z[1][1]=0.97002414
a[1][1]=0.72512431

z[2][0]=0.080298947
a[2][0]=0.52006396

error salida 0=0.1151693
d_b[2][0]=-0.11979081
d_b[1][0]=-0.0096152884
d_b[1][1]=-0.006101437
d_b[0][0]=-0.0017959499
d_b[0][1]=-0.00056857662
w[2][0][0]=0.42977112
b[2][0]=-0.2135165
w[2][1][0]=0.34240379
b[2][0]=-0.093725694
w[1][0][0]=0.71556755
b[1][0]=0.19834633
w[1][0][1]=0.11613074
b[1][1]=0.66215829
w[1][1][0]=-0.0032365149
b[1][0]=0.20796162
w[1][1][1]=0.40877207
b[1][1]=0.66825972
w[0][0][0]=0.35201439
b[0][0]=0.07497315
w[0][0][1]=0.075134423
b[0][1]=0.36220011
w[0][1][0]=0.20393672
b[0][0]=0.0767691
w[0][1][1]=0.87344309
b[0][1]=0.36276869
z[0][0]=0.63272021
a[0][0]=0.65310601

z[0][1]=1.3113462
a[0][1]=0.78773834

z[1][0]=0.67275355
a[1][0]=0.66211945

z[1][1]=1.0661108
a[1][1]=0.7438566

z[2][0]=0.44553344
a[2][0]=0.60957675

error salida 0=0.1857919
d_b[2][0]=0.14507496
d_b[1][0]=0.013948555
d_b[1][1]=0.0094646249
d_b[0][0]=0.0025103293
d_b[0][1]=0.00063935302
w[2][0][0]=0.33371416
b[2][0]=-0.23880065
w[2][1][0]=0.23448882
b[2][0]=-0.38387561
w[1][0][0]=0.70645767
b[1][0]=0.19401306
w[1][0][1]=0.10994934
b[1][1]=0.6587951
w[1][1][0]=-0.014224326
b[1][0]=0.18006451
w[1][1][1]=0.40131642
b[1][1]=0.64933047
w[0][0][0]=0.34950406
b[0][0]=0.07425877
w[0][0][1]=0.07449507
b[0][1]=0.36212933
w[0][1][0]=0.20142639
b[0][0]=0.071748441
w[0][1][1]=0.87280373
b[0][1]=0.36148998
4 : 0.60021312

Epoca 5
z[0][0]=0.071748441
a[0][0]=0.51792942

z[0][1]=0.36148998
a[0][1]=0.58940107

z[1][0]=0.53757588
a[1][0]=0.63124833

z[1][1]=0.9428128
a[1][1]=0.71966748

z[2][0]=-0.0044651299
a[2][0]=0.49888372

error salida 0=0.12444248
d_b[2][0]=0.12472031
d_b[1][0]=0.009688266
d_b[1][1]=0.0059001721
d_b[0][0]=0.0018708587
d_b[0][1]=0.00053968312
w[2][0][0]=0.25498468
b[2][0]=-0.50859592
w[2][1][0]=0.14473167
b[2][0]=-0.63331623
w[1][0][0]=0.70143983
b[1][0]=0.17037624
w[1][0][1]=0.10689347
b[1][1]=0.6434303
w[1][1][0]=-0.019934601
b[1][0]=0.16068797
w[1][1][1]=0.39783885
b[1][1]=0.63753013
w[0][0][0]=0.34950406
b[0][0]=0.069877582
w[0][0][1]=0.07449507
b[0][1]=0.3609503
w[0][1][0]=0.20142639
b[0][0]=0.068006724
w[0][1][1]=0.87280373
b[0][1]=0.36041062
z[0][0]=0.26943311
a[0][0]=0.56695373

z[0][1]=1.2332143
a[0][1]=0.77438067

z[1][0]=0.54293493
a[1][0]=0.63249489

z[1][1]=1.0062125
a[1][1]=0.73227827

z[2][0]=-0.36605587
a[2][0]=0.40949441

error salida 0=0.17434843
d_b[2][0]=-0.14278941
d_b[1][0]=-0.0084631198
d_b[1][1]=-0.0040515327
d_b[0][0]=-0.0015638099
d_b[0][1]=-0.00025214
w[2][0][0]=0.34529825
b[2][0]=-0.49052682
w[2][1][0]=0.24929325
b[2][0]=-0.34773741
w[1][0][0]=0.70623803
b[1][0]=0.16915109
w[1][0][1]=0.1091905
b[1][1]=0.64158166
w[1][1][0]=-0.013380924
b[1][0]=0.17761421
w[1][1][1]=0.40097628
b[1][1]=0.64563319
w[0][0][0]=0.34950406
b[0][0]=0.069570534
w[0][0][1]=0.07449507
b[0][1]=0.36066276
w[0][1][0]=0.2029902
b[0][0]=0.071134343
w[0][1][1]=0.87305587
b[0][1]=0.3609149
z[0][0]=0.42063841
a[0][0]=0.603636

z[0][1]=0.43540997
a[0][1]=0.60716478

z[1][0]=0.59580049
a[1][0]=0.64469494

z[1][1]=0.95500318
a[1][1]=0.72212024

z[2][0]=0.054894334
a[2][0]=0.51372014

error salida 0=0.11823405
d_b[2][0]=-0.12147843
d_b[1][0]=-0.0096083584
d_b[1][1]=-0.0060768164
d_b[0][0]=-0.0017823208
d_b[0][1]=-0.00055051585
w[2][0][0]=0.42361478
b[2][0]=-0.22625898
w[2][1][0]=0.33701529
b[2][0]=-0.10478055
w[1][0][0]=0.71203798
b[1][0]=0.18722257
w[1][0][1]=0.11285868
b[1][1]=0.65171001
w[1][1][0]=-0.0075470677
b[1][0]=0.19683093
w[1][1][1]=0.40466591
b[1][1]=0.65778683
w[0][0][0]=0.35128638
b[0][0]=0.072916664
w[0][0][1]=0.075045586
b[0][1]=0.36146541
w[0][1][0]=0.2029902
b[0][0]=0.074698985
w[0][1][1]=0.87305587
b[0][1]=0.36201593
z[0][0]=0.62897557
a[0][0]=0.65225714

z[0][1]=1.3101174
a[0][1]=0.7875328

z[1][0]=0.65531922
a[1][0]=0.65820813

z[1][1]=1.0500874
a[1][1]=0.74079168

z[2][0]=0.42370426
a[2][0]=0.60436931

error salida 0=0.18263113
d_b[2][0]=0.14450896
d_b[1][0]=0.013771804
d_b[1][1]=0.0093516751
d_b[0][0]=0.0024635733
d_b[0][1]=0.00061581707
w[2][0][0]=0.3284978
b[2][0]=-0.24928951
w[2][1][0]=0.22996425
b[2][0]=-0.39379847
w[1][0][0]=0.70305522
b[1][0]=0.18305913
w[1][0][1]=0.10675899
b[1][1]=0.64843515
w[1][1][0]=-0.018392815
b[1][0]=0.16928732
w[1][1][1]=0.39730116
b[1][1]=0.63908348
w[0][0][0]=0.34882281
b[0][0]=0.072235412
w[0][0][1]=0.074429769
b[0][1]=0.36140011
w[0][1][0]=0.20052663
b[0][0]=0.069771839
w[0][1][1]=0.87244006
b[0][1]=0.36078429
5 : 0.59965609

Epoca 6
z[0][0]=0.069771839
a[0][0]=0.51743589

z[0][1]=0.36078429
a[0][1]=0.58923028

z[1][0]=0.52223572
a[1][0]=0.6276704

z[1][1]=0.92842628
a[1][1]=0.7167559

z[2][0]=-0.02278189
a[2][0]=0.49430477

error salida 0=0.1221686
d_b[2][0]=0.12356016
d_b[1][0]=0.0094857166
d_b[1][1]=0.0057686068
d_b[0][0]=0.0018189936
d_b[0][1]=0.00051249241
w[2][0][0]=0.25094275
b[2][0]=-0.51735863
w[2][1][0]=0.14140178
b[2][0]=-0.64091879
w[1][0][0]=0.69814697
b[1][0]=0.1598016
w[1][0][1]=0.1037741
b[1][1]=0.63331487
w[1][1][0]=-0.023982087
b[1][0]=0.15031589
w[1][1][1]=0.39390212
b[1][1]=0.62754626
w[0][0][0]=0.34882281
b[0][0]=0.067952845
w[0][0][1]=0.074429769
b[0][1]=0.3602718
w[0][1][0]=0.20052663
b[0][0]=0.066133851
w[0][1][1]=0.87244006
b[0][1]=0.35975931
z[0][0]=0.26666048
a[0][0]=0.56627287

z[0][1]=1.2321994
a[0][1]=0.77420328

z[1][0]=0.52709057
a[1][0]=0.62880428

z[1][1]=0.99127104
a[1][1]=0.7293389

z[2][0]=-0.3799951
a[2][0]=0.40612808

error salida 0=0.17634193
d_b[2][0]=-0.14323482
d_b[1][0]=-0.0083896086
d_b[1][1]=-0.0039981463
d_b[0][0]=-0.0015404734
d_b[0][1]=-0.00024013617
w[2][0][0]=0.34100941
b[2][0]=-0.49768398
w[2][1][0]=0.2458685
b[2][0]=-0.35444916
w[1][0][0]=0.70289778
b[1][0]=0.1587055
w[1][0][1]=0.10603814
b[1][1]=0.63154441
w[1][1][0]=-0.017486824
b[1][0]=0.16709511
w[1][1][1]=0.3969975
b[1][1]=0.63554256
w[0][0][0]=0.34882281
b[0][0]=0.067674325
w[0][0][1]=0.074429769
b[0][1]=0.35999944
w[0][1][0]=0.2020671
b[0][0]=0.069214798
w[0][1][1]=0.87268019
b[0][1]=0.36023958
z[0][0]=0.41803761
a[0][0]=0.60301357

z[0][1]=0.43466935
a[0][1]=0.60698811

z[1][0]=0.58033771
a[1][0]=0.64114511

z[1][1]=0.94045776
a[1][1]=0.71919211

z[2][0]=0.041014048
a[2][0]=0.51025207

error salida 0=0.11992652
d_b[2][0]=-0.12238551
d_b[1][0]=-0.009602218
d_b[1][1]=-0.0060769701
d_b[0][0]=-0.0017699809
d_b[0][1]=-0.00053546436
w[2][0][0]=0.41947628
b[2][0]=-0.23206365
w[2][1][0]=0.33388719
b[2][0]=-0.10967815
w[1][0][0]=0.70868804
b[1][0]=0.17669732
w[1][0][1]=0.10970264
b[1][1]=0.64161953
w[1][1][0]=-0.011658392
b[1][0]=0.18629954
w[1][1][1]=0.40068615
b[1][1]=0.6476965
w[0][0][0]=0.35059279
b[0][0]=0.070984779
w[0][0][1]=0.074965233
b[0][1]=0.36077504
w[0][1][0]=0.2020671
b[0][0]=0.07275476
w[0][1][1]=0.87268019
b[0][1]=0.36131051
z[0][0]=0.62541465
a[0][0]=0.65144902

z[0][1]=1.3089559
a[0][1]=0.78733839

z[1][0]=0.63879458
a[1][0]=0.65448092

z[1][1]=1.0346378
a[1][1]=0.73781403

z[2][0]=0.41120774
a[2][0]=0.60137744

error salida 0=0.18082741
d_b[2][0]=0.14416377
d_b[1][0]=0.013675165
d_b[1][1]=0.0093113414
d_b[0][0]=0.0024325063
d_b[0][1]=0.00059799916
w[2][0][0]=0.32512385
b[2][0]=-0.25384192
w[2][1][0]=0.22752114
b[2][0]=-0.39800569
w[1][0][0]=0.69977937
b[1][0]=0.17262438
w[1][0][1]=0.10363677
b[1][1]=0.63838516
w[1][1][0]=-0.022425374
b[1][0]=0.15894921
w[1][1][1]=0.39335497
b[1][1]=0.62907381
w[0][0][0]=0.34816028
b[0][0]=0.070322254
w[0][0][1]=0.074367234
b[0][1]=0.36071251
w[0][1][0]=0.19963459
b[0][0]=0.067889747
w[0][1][1]=0.87208219
b[0][1]=0.36011451
6 : 0.59926446

Epoca 7
z[0][0]=0.067889747
a[0][0]=0.51696592

z[0][1]=0.36011451
a[0][1]=0.58906815

z[1][0]=0.50750123
a[1][0]=0.62422052

z[1][1]=0.91436338
a[1][1]=0.71389222

z[2][0]=-0.032631144
a[2][0]=0.49184294

error salida 0=0.12095474
d_b[2][0]=0.12292801
d_b[1][0]=0.0093749891
d_b[1][1]=0.0057126145
d_b[0][0]=0.0017860564
d_b[0][1]=0.00049305333
w[2][0][0]=0.24838966
b[2][0]=-0.5209337
w[2][1][0]=0.13976379
b[2][0]=-0.64386171
w[1][0][0]=0.69493282
b[1][0]=0.14957422
w[1][0][1]=0.10068355
b[1][1]=0.6233612
w[1][1][0]=-0.027947882
b[1][0]=0.14019923
w[1][1][1]=0.38998985
b[1][1]=0.61764858
w[0][0][0]=0.34816028
b[0][0]=0.066103691
w[0][0][1]=0.074367234
b[0][1]=0.35962146
w[0][1][0]=0.19963459
b[0][0]=0.064317634
w[0][1][1]=0.87208219
b[0][1]=0.3591284
z[0][0]=0.26395223
a[0][0]=0.56560759

z[0][1]=1.2312106
a[0][1]=0.77403039

z[1][0]=0.511626
a[1][0]=0.62518757

z[1][1]=0.97645996
a[1][1]=0.72640523

z[2][0]=-0.38704643
a[2][0]=0.40442851

error salida 0=0.1773527
d_b[2][0]=-0.14345298
d_b[1][0]=-0.0083496332
d_b[1][1]=-0.0039846574
d_b[0][0]=-0.0015242033
d_b[0][1]=-0.00023098638
w[2][0][0]=0.33807468
b[2][0]=-0.50040873
w[2][1][0]=0.24396878
b[2][0]=-0.35695575
w[1][0][0]=0.69965544
b[1][0]=0.14854887
w[1][0][1]=0.1029373
b[1][1]=0.62163324
w[1][1][0]=-0.021485012
b[1][0]=0.1568985
w[1][1][1]=0.3930741
b[1][1]=0.6256179
w[0][0][0]=0.34816028
b[0][0]=0.065841838
w[0][0][1]=0.074367234
b[0][1]=0.35935939
w[0][1][0]=0.2011588
b[0][0]=0.067366041
w[0][1][1]=0.87231318
b[0][1]=0.35959038
z[0][0]=0.41552632
a[0][0]=0.60241224

z[0][1]=0.43395761
a[0][1]=0.60681831

z[1][0]=0.565342
a[1][0]=0.63768767

z[1][1]=0.92615315
a[1][1]=0.71629419

z[2][0]=0.033383722
a[2][0]=0.50834516

error salida 0=0.12086224
d_b[2][0]=-0.12287947
d_b[1][0]=-0.0095980522
d_b[1][1]=-0.0060921873
d_b[0][0]=-0.0017586012
d_b[0][1]=-0.00052214596
w[2][0][0]=0.4164334
b[2][0]=-0.23407628
w[2][1][0]=0.33198663
b[2][0]=-0.11119681
w[1][0][0]=0.70543742
b[1][0]=0.16649655
w[1][0][1]=0.10660731
b[1][1]=0.63171009
w[1][1][0]=-0.015660738
b[1][0]=0.1760946
w[1][1][1]=0.39677095
b[1][1]=0.63780227
w[0][0][0]=0.34991889
b[0][0]=0.069124642
w[0][0][1]=0.07488938
b[0][1]=0.36011252
w[0][1][0]=0.2011588
b[0][0]=0.070883243
w[0][1][1]=0.87231318
b[0][1]=0.36063467
z[0][0]=0.62196092
a[0][0]=0.6506644

z[0][1]=1.3078372
a[0][1]=0.78715102

z[1][0]=0.62277025
a[1][0]=0.65084834

z[1][1]=1.0194865
a[1][1]=0.73487257

z[2][0]=0.40380605
a[2][0]=0.59960176

error salida 0=0.17976113
d_b[2][0]=0.14395208
d_b[1][0]=0.013622519
d_b[1][1]=0.0093111915
d_b[0][0]=0.0024099453
d_b[0][1]=0.00058323367
w[2][0][0]=0.32274243
b[2][0]=-0.2551489
w[2][1][0]=0.2262002
b[2][0]=-0.39910098
w[1][0][0]=0.69657373
b[1][0]=0.16247209
w[1][0][1]=0.10054885
b[1][1]=0.62849108
w[1][1][0]=-0.026383718
b[1][0]=0.14884957
w[1][1][1]=0.38944164
b[1][1]=0.61917989
w[0][0][0]=0.34750894
b[0][0]=0.068473298
w[0][0][1]=0.074306146
b[0][1]=0.36005144
w[0][1][0]=0.19874885
b[0][0]=0.066063353
w[0][1][1]=0.87172995
b[0][1]=0.3594682
7 : 0.59893081